\BOOKMARK [0][-]{chapter.1}{\376\377\000P\000r\000e\000f\000a\000c\000e}{}% 1
\BOOKMARK [1][-]{section.1.1}{\376\377\000A\000b\000o\000u\000t}{chapter.1}% 2
\BOOKMARK [2][-]{subsection.1.1.1}{\376\377\000A\000b\000o\000u\000t\000\040\000t\000h\000i\000s\000\040\000n\000o\000t\000e}{section.1.1}% 3
\BOOKMARK [2][-]{subsection.1.1.2}{\376\377\000A\000b\000o\000u\000t\000\040\000t\000h\000e\000\040\000a\000u\000t\000h\000o\000r\000s}{section.1.1}% 4
\BOOKMARK [1][-]{section.1.2}{\376\377\000M\000o\000t\000i\000v\000a\000t\000i\000o\000n\000\040\000f\000o\000r\000\040\000t\000h\000i\000s\000\040\000n\000o\000t\000e}{chapter.1}% 5
\BOOKMARK [1][-]{section.1.3}{\376\377\000F\000e\000e\000d\000b\000a\000c\000k\000\040\000a\000n\000d\000\040\000s\000u\000g\000g\000e\000s\000t\000i\000o\000n\000s}{chapter.1}% 6
\BOOKMARK [0][-]{chapter.2}{\376\377\000P\000y\000t\000h\000o\000n\000\040\000I\000n\000s\000t\000a\000l\000l\000a\000t\000i\000o\000n}{}% 7
\BOOKMARK [0][-]{chapter.3}{\376\377\000N\000o\000t\000e\000b\000o\000o\000k\000s}{}% 8
\BOOKMARK [1][-]{section.3.1}{\376\377\000N\000t\000e\000r\000a\000c\000t}{chapter.3}% 9
\BOOKMARK [1][-]{section.3.2}{\376\377\000J\000u\000p\000y\000t\000e\000r\000\040\000N\000o\000t\000e\000b\000o\000o\000k\000\040\000V\000i\000e\000w\000e\000r}{chapter.3}% 10
\BOOKMARK [1][-]{section.3.3}{\376\377\000A\000p\000a\000c\000h\000e\000\040\000Z\000e\000p\000p\000e\000l\000i\000n}{chapter.3}% 11
\BOOKMARK [1][-]{section.3.4}{\376\377\000J\000u\000p\000y\000t\000e\000r\000\040\000N\000o\000t\000e\000b\000o\000o\000k}{chapter.3}% 12
\BOOKMARK [0][-]{chapter.4}{\376\377\000C\000o\000n\000f\000i\000d\000e\000n\000t\000i\000a\000l\000\040\000I\000n\000f\000o\000r\000m\000a\000t\000i\000o\000n}{}% 13
\BOOKMARK [0][-]{chapter.5}{\376\377\000P\000r\000i\000m\000e\000r\000\040\000F\000u\000n\000c\000t\000i\000o\000n\000s}{}% 14
\BOOKMARK [1][-]{section.5.1}{\376\377\000*}{chapter.5}% 15
\BOOKMARK [1][-]{section.5.2}{\376\377\000r\000a\000n\000g\000e}{chapter.5}% 16
\BOOKMARK [1][-]{section.5.3}{\376\377\000r\000a\000n\000d\000o\000m}{chapter.5}% 17
\BOOKMARK [2][-]{subsection.5.3.1}{\376\377\000r\000a\000n\000d\000o\000m\000.\000r\000a\000n\000d\000o\000m}{section.5.3}% 18
\BOOKMARK [2][-]{subsection.5.3.2}{\376\377\000n\000p\000.\000r\000a\000n\000d\000o\000m}{section.5.3}% 19
\BOOKMARK [1][-]{section.5.4}{\376\377\000r\000o\000u\000n\000d}{chapter.5}% 20
\BOOKMARK [1][-]{section.5.5}{\376\377\000T\000O\000D\000O\000.\000.}{chapter.5}% 21
\BOOKMARK [0][-]{chapter.6}{\376\377\000D\000a\000t\000a\000\040\000S\000t\000r\000u\000c\000t\000u\000r\000e\000s}{}% 22
\BOOKMARK [1][-]{section.6.1}{\376\377\000L\000i\000s\000t}{chapter.6}% 23
\BOOKMARK [2][-]{subsection.6.1.1}{\376\377\000C\000r\000e\000a\000t\000e\000\040\000l\000i\000s\000t}{section.6.1}% 24
\BOOKMARK [2][-]{subsection.6.1.2}{\376\377\000U\000n\000p\000a\000c\000k\000\040\000l\000i\000s\000t}{section.6.1}% 25
\BOOKMARK [2][-]{subsection.6.1.3}{\376\377\000M\000e\000t\000h\000o\000d\000s\000\040\000o\000f\000\040\000l\000i\000s\000t\000\040\000o\000b\000j\000e\000c\000t\000s}{section.6.1}% 26
\BOOKMARK [1][-]{section.6.2}{\376\377\000T\000u\000p\000l\000e}{chapter.6}% 27
\BOOKMARK [1][-]{section.6.3}{\376\377\000D\000i\000c\000t\000i\000o\000n\000a\000r\000y}{chapter.6}% 28
\BOOKMARK [2][-]{subsection.6.3.1}{\376\377\000C\000r\000e\000a\000t\000e\000\040\000d\000i\000c\000t\000\040\000f\000r\000o\000m\000\040\000l\000i\000s\000t\000s}{section.6.3}% 29
\BOOKMARK [2][-]{subsection.6.3.2}{\376\377\000d\000i\000c\000t\000.\000g\000e\000t\000\050\000\051}{section.6.3}% 30
\BOOKMARK [2][-]{subsection.6.3.3}{\376\377\000L\000o\000o\000p\000i\000n\000g\000\040\000T\000e\000c\000h\000n\000i\000q\000u\000e\000s}{section.6.3}% 31
\BOOKMARK [2][-]{subsection.6.3.4}{\376\377\000U\000p\000d\000a\000t\000e\000\040\000V\000a\000l\000u\000e\000s\000\040\000i\000n\000\040\000D\000i\000c\000t}{section.6.3}% 32
\BOOKMARK [2][-]{subsection.6.3.5}{\376\377\000U\000p\000d\000a\000t\000e\000\040\000K\000e\000y\000s\000\040\000i\000n\000\040\000D\000i\000c\000t}{section.6.3}% 33
\BOOKMARK [1][-]{section.6.4}{\376\377\000O\000n\000e\000\040\000l\000i\000n\000e\000\040\000i\000f\000-\000e\000l\000s\000e\000\040\000s\000t\000a\000t\000e\000m\000e\000n\000t}{chapter.6}% 34
\BOOKMARK [2][-]{subsection.6.4.1}{\376\377\000W\000i\000t\000h\000\040\000f\000i\000l\000t\000e\000r}{section.6.4}% 35
\BOOKMARK [2][-]{subsection.6.4.2}{\376\377\000W\000i\000t\000h\000o\000u\000t\000\040\000f\000i\000l\000t\000e\000r}{section.6.4}% 36
\BOOKMARK [0][-]{chapter.7}{\376\377\000D\000a\000t\000a\000\040\000R\000e\000a\000d\000\040\000a\000n\000d\000\040\000I\000n\000g\000e\000s\000t\000i\000o\000n\000\040\000w\000i\000t\000h\000\040\000D\000a\000t\000a\000B\000a\000s\000e}{}% 37
\BOOKMARK [1][-]{section.7.1}{\376\377\000D\000a\000t\000a\000\040\000I\000n\000g\000e\000s\000t\000i\000o\000n\000\040\000f\000r\000o\000m\000\040\000L\000o\000c\000a\000l\000\040\000t\000o\000\040\000D\000a\000t\000a\000B\000a\000s\000e}{chapter.7}% 38
\BOOKMARK [1][-]{section.7.2}{\376\377\000D\000a\000t\000a\000\040\000R\000e\000a\000d\000\040\000f\000r\000o\000m\000\040\000D\000a\000t\000a\000B\000a\000s\000e\000\040\000t\000o\000\040\000L\000o\000c\000a\000l}{chapter.7}% 39
\BOOKMARK [0][-]{chapter.8}{\376\377\000p\000d\000.\000D\000a\000t\000a\000F\000r\000a\000m\000e\000\040\000m\000a\000n\000i\000p\000u\000l\000a\000t\000i\000o\000n}{}% 40
\BOOKMARK [1][-]{section.8.1}{\376\377\000T\000O\000D\000O\000.\000.}{chapter.8}% 41
\BOOKMARK [0][-]{chapter.9}{\376\377\000r\000d\000d\000.\000D\000a\000t\000a\000F\000r\000a\000m\000e\000\040\000m\000a\000n\000i\000p\000u\000l\000a\000t\000i\000o\000n}{}% 42
\BOOKMARK [1][-]{section.9.1}{\376\377\000T\000O\000D\000O\000.\000.}{chapter.9}% 43
\BOOKMARK [0][-]{chapter.10}{\376\377\000p\000d\000.\000D\000a\000t\000a\000F\000r\000a\000m\000e\000\040\000v\000s\000\040\000p\000d\000.\000D\000a\000t\000a\000F\000r\000a\000m\000e}{}% 44
\BOOKMARK [1][-]{section.10.1}{\376\377\000C\000r\000e\000a\000t\000e\000\040\000D\000a\000t\000a\000F\000r\000a\000m\000e}{chapter.10}% 45
\BOOKMARK [2][-]{subsection.10.1.1}{\376\377\000F\000r\000o\000m\000\040\000L\000i\000s\000t}{section.10.1}% 46
\BOOKMARK [2][-]{subsection.10.1.2}{\376\377\000F\000r\000o\000m\000\040\000D\000i\000c\000t}{section.10.1}% 47
\BOOKMARK [1][-]{section.10.2}{\376\377\000L\000o\000a\000d\000\040\000D\000a\000t\000a\000F\000r\000a\000m\000e}{chapter.10}% 48
\BOOKMARK [2][-]{subsection.10.2.1}{\376\377\000F\000r\000o\000m\000\040\000D\000a\000t\000a\000B\000a\000s\000e}{section.10.2}% 49
\BOOKMARK [2][-]{subsection.10.2.2}{\376\377\000F\000r\000o\000m\000\040\000.\000c\000s\000v}{section.10.2}% 50
\BOOKMARK [2][-]{subsection.10.2.3}{\376\377\000F\000r\000o\000m\000\040\000.\000j\000s\000o\000n}{section.10.2}% 51
\BOOKMARK [1][-]{section.10.3}{\376\377\000F\000i\000r\000s\000t\000\040\000n\000\040\000R\000o\000w\000s}{chapter.10}% 52
\BOOKMARK [1][-]{section.10.4}{\376\377\000C\000o\000l\000u\000m\000n\000\040\000N\000a\000m\000e\000s}{chapter.10}% 53
\BOOKMARK [1][-]{section.10.5}{\376\377\000D\000a\000t\000a\000\040\000t\000y\000p\000e\000s}{chapter.10}% 54
\BOOKMARK [1][-]{section.10.6}{\376\377\000R\000e\000p\000l\000a\000c\000e\000\040\000D\000a\000t\000a\000\040\000t\000y\000p\000e\000s}{chapter.10}% 55
\BOOKMARK [1][-]{section.10.7}{\376\377\000F\000i\000l\000l\000\040\000N\000u\000l\000l}{chapter.10}% 56
\BOOKMARK [1][-]{section.10.8}{\376\377\000R\000e\000p\000l\000a\000c\000e\000\040\000V\000a\000l\000u\000e\000s}{chapter.10}% 57
\BOOKMARK [1][-]{section.10.9}{\376\377\000R\000e\000n\000a\000m\000e\000\040\000C\000o\000l\000u\000m\000n\000s}{chapter.10}% 58
\BOOKMARK [2][-]{subsection.10.9.1}{\376\377\000R\000e\000n\000a\000m\000e\000\040\000a\000l\000l\000\040\000c\000o\000l\000u\000m\000n\000s}{section.10.9}% 59
\BOOKMARK [2][-]{subsection.10.9.2}{\376\377\000R\000e\000n\000a\000m\000e\000\040\000o\000n\000e\000\040\000o\000r\000\040\000m\000o\000r\000e\000\040\000c\000o\000l\000u\000m\000n\000s}{section.10.9}% 60
\BOOKMARK [1][-]{section.10.10}{\376\377\000D\000r\000o\000p\000\040\000C\000o\000l\000u\000m\000n\000s}{chapter.10}% 61
\BOOKMARK [1][-]{section.10.11}{\376\377\000F\000i\000l\000t\000e\000r}{chapter.10}% 62
\BOOKMARK [1][-]{section.10.12}{\376\377\000W\000i\000t\000h\000\040\000N\000e\000w\000\040\000C\000o\000l\000u\000m\000n}{chapter.10}% 63
\BOOKMARK [1][-]{section.10.13}{\376\377\000J\000o\000i\000n}{chapter.10}% 64
\BOOKMARK [2][-]{subsection.10.13.1}{\376\377\000L\000e\000f\000t\000\040\000J\000o\000i\000n}{section.10.13}% 65
\BOOKMARK [2][-]{subsection.10.13.2}{\376\377\000R\000i\000g\000h\000t\000\040\000J\000o\000i\000n}{section.10.13}% 66
\BOOKMARK [2][-]{subsection.10.13.3}{\376\377\000I\000n\000n\000e\000r\000\040\000J\000o\000i\000n}{section.10.13}% 67
\BOOKMARK [2][-]{subsection.10.13.4}{\376\377\000F\000u\000l\000l\000\040\000J\000o\000i\000n}{section.10.13}% 68
\BOOKMARK [1][-]{section.10.14}{\376\377\000C\000o\000n\000c\000a\000t\000\040\000C\000o\000l\000u\000m\000n\000s}{chapter.10}% 69
\BOOKMARK [1][-]{section.10.15}{\376\377\000G\000r\000o\000u\000p\000B\000y}{chapter.10}% 70
\BOOKMARK [1][-]{section.10.16}{\376\377\000P\000i\000v\000o\000t}{chapter.10}% 71
\BOOKMARK [1][-]{section.10.17}{\376\377\000U\000n\000i\000x\000t\000i\000m\000e\000\040\000t\000o\000\040\000D\000a\000t\000e}{chapter.10}% 72
\BOOKMARK [0][-]{chapter.11}{\376\377\000K\000a\000g\000g\000l\000e\000\040\000C\000o\000m\000p\000e\000t\000i\000t\000i\000o\000n\000s}{}% 73
\BOOKMARK [1][-]{section.11.1}{\376\377\000T\000O\000D\000O\000.\000.}{chapter.11}% 74
\BOOKMARK [0][-]{chapter.12}{\376\377\000P\000a\000c\000k\000a\000g\000e\000\040\000W\000r\000a\000p\000p\000e\000r}{}% 75
\BOOKMARK [1][-]{section.12.1}{\376\377\000H\000i\000e\000r\000a\000r\000c\000h\000i\000c\000a\000l\000\040\000S\000t\000r\000u\000c\000t\000u\000r\000e}{chapter.12}% 76
\BOOKMARK [1][-]{section.12.2}{\376\377\000S\000e\000t\000\040\000U\000p}{chapter.12}% 77
\BOOKMARK [1][-]{section.12.3}{\376\377\000R\000e\000q\000u\000i\000r\000e\000m\000e\000n\000t\000s}{chapter.12}% 78
\BOOKMARK [1][-]{section.12.4}{\376\377\000R\000e\000a\000d\000M\000e}{chapter.12}% 79
\BOOKMARK [0][-]{chapter.13}{\376\377\000P\000u\000b\000l\000i\000s\000h\000\040\000P\000a\000c\000k\000a\000g\000e\000\040\000t\000o\000\040\000P\000y\000P\000I}{}% 80
\BOOKMARK [1][-]{section.13.1}{\376\377\000R\000e\000g\000i\000s\000t\000e\000r\000\040\000P\000y\000P\000I\000\040\000a\000c\000c\000o\000u\000n\000t}{chapter.13}% 81
\BOOKMARK [1][-]{section.13.2}{\376\377\000I\000n\000s\000t\000a\000l\000l\000\040\000t\000w\000i\000n\000e}{chapter.13}% 82
\BOOKMARK [1][-]{section.13.3}{\376\377\000B\000u\000i\000l\000d\000\040\000Y\000o\000u\000r\000\040\000P\000a\000c\000k\000a\000g\000e}{chapter.13}% 83
\BOOKMARK [1][-]{section.13.4}{\376\377\000U\000p\000l\000o\000a\000d\000\040\000Y\000o\000u\000r\000\040\000P\000a\000c\000k\000a\000g\000e}{chapter.13}% 84
\BOOKMARK [1][-]{section.13.5}{\376\377\000P\000a\000c\000k\000a\000g\000e\000\040\000a\000t\000\040\000P\000y\000P\000I}{chapter.13}% 85
\BOOKMARK [0][-]{chapter.14}{\376\377\000A\000P\000I\000\040\000B\000o\000o\000k}{}% 86
\BOOKMARK [1][-]{section.14.1}{\376\377\000B\000a\000s\000i\000c\000s\000\040\000M\000o\000d\000u\000l\000e}{chapter.14}% 87
\BOOKMARK [2][-]{subsection.14.1.1}{\376\377\000r\000n\000o\000r\000m}{section.14.1}% 88
\BOOKMARK [2][-]{subsection.14.1.2}{\376\377\000d\000n\000o\000r\000m}{section.14.1}% 89
\BOOKMARK [2][-]{subsection.14.1.3}{\376\377\000r\000u\000n\000i\000f}{section.14.1}% 90
\BOOKMARK [1][-]{section.14.2}{\376\377\000T\000e\000s\000t\000s\000\040\000M\000o\000d\000u\000l\000e}{chapter.14}% 91
\BOOKMARK [2][-]{subsection.14.2.1}{\376\377\000T\000-\000t\000e\000s\000t}{section.14.2}% 92
\BOOKMARK [0][-]{chapter.15}{\376\377\000M\000a\000i\000n\000\040\000R\000e\000f\000e\000r\000e\000n\000c\000e}{}% 93
\BOOKMARK [0][-]{chapter*.5}{\376\377\000B\000i\000b\000l\000i\000o\000g\000r\000a\000p\000h\000y}{}% 94
\BOOKMARK [0][-]{section*.6}{\376\377\000P\000y\000t\000h\000o\000n\000\040\000M\000o\000d\000u\000l\000e\000\040\000I\000n\000d\000e\000x}{}% 95
\BOOKMARK [0][-]{section*.7}{\376\377\000I\000n\000d\000e\000x}{}% 96
